----------------------------------------
ActivityId: df6291c3-171d-49fe-80d6-9111b6678c43

Timestamp: 3/8/2018 4:27:58 AM

Message: HandlingInstanceID: 31c9db02-1180-427c-ae60-7e33ca74b634
An exception of type 'System.Web.HttpException' occurred and was caught.
------------------------------------------------------------------------
03/08/2018 15:27:58
Type : System.Web.HttpException, System.Web, Version=4.0.0.0, Culture=neutral, PublicKeyToken=b03f5f7f11d50a3a
Message : Type 'ASP._Page_Mvc_Views_BaseLayout2_MvcLayout2_cshtml' does not inherit from 'System.Web.WebPages.WebPage'.
Source : System.Web
Help link : 
WebEventCode : 0
ErrorCode : -2147467259
Data : System.Collections.ListDictionaryInternal
TargetSite : Void CheckAssignableType(System.Type, System.Type)
HResult : -2147467259
Stack Trace :    at System.Web.UI.Util.CheckAssignableType(Type baseType, Type type)
   at System.Web.Compilation.BuildManager.CreateInstanceFromVirtualPath(VirtualPath virtualPath, Type requiredBaseType, HttpContext context, Boolean allowCrossApp)
   at System.Web.WebPages.BuildManagerWrapper.CreateInstanceOfType[T](String virtualPath)
   at System.Web.WebPages.VirtualPathFactoryExtensions.CreateInstance[T](IVirtualPathFactory factory, String virtualPath)
   at System.Web.WebPages.VirtualPathFactoryManager.CreateInstanceOfType[T](String virtualPath)
   at System.Web.WebPages.VirtualPathFactoryExtensions.CreateInstance[T](IVirtualPathFactory factory, String virtualPath)
   at System.Web.WebPages.WebPageHttpHandler.CreateFromVirtualPath(String virtualPath, IVirtualPathFactory virtualPathFactory)
   at System.Web.WebPages.WebPageRoute.DoPostResolveRequestCache(HttpContextBase context)
   at System.Web.WebPages.WebPageHttpModule.OnApplicationPostResolveRequestCache(Object sender, EventArgs e)
   at System.Web.HttpApplication.SyncEventExecutionStep.System.Web.HttpApplication.IExecutionStep.Execute()
   at System.Web.HttpApplication.ExecuteStepImpl(IExecutionStep step)
   at System.Web.HttpApplication.ExecuteStep(IExecutionStep step, Boolean& completedSynchronously)

Additional Info:

MachineName : DESKTOP-PHAVKR4
TimeStamp : 3/8/2018 4:27:58 AM
FullName : Telerik.Sitefinity.Utilities, Version=10.2.6602.0, Culture=neutral, PublicKeyToken=b28c218413bdf563
AppDomainName : /LM/W3SVC/2/ROOT-1-131649568403986112
ThreadIdentity : Anonymous
WindowsIdentity : DESKTOP-PHAVKR4\Himmy
Requested URL : http://localhost:60876/Mvc/Views/BaseLayout2/MvcLayout2.cshtml


Category: ErrorLog

Priority: 0

EventId: 90000

Severity: Error

Title:Enterprise Library Exception Handling

Machine: DESKTOP-PHAVKR4

App Domain: /LM/W3SVC/2/ROOT-1-131649568403986112

ProcessId: 316

Process Name: C:\Program Files (x86)\IIS Express\iisexpress.exe

Thread Name: 

Win32 ThreadId:4404

Extended Properties: 
----------------------------------------
----------------------------------------
ActivityId: 00000000-0000-0000-0000-000000000000

Timestamp: 3/9/2018 2:43:04 AM

Message: HandlingInstanceID: 2709a473-355b-4af3-9d75-4419583167ee
An exception of type 'System.Exception' occurred and was caught.
----------------------------------------------------------------
03/09/2018 13:43:04
Type : System.Exception, mscorlib, Version=4.0.0.0, Culture=neutral, PublicKeyToken=b77a5c561934e089
Message : ContentLocationsTracker: Unable to get locations from 'Telerik.Sitefinity.Mvc.Proxy.MvcControllerProxy'
Source : 
Help link : 
Data : System.Collections.ListDictionaryInternal
TargetSite : 
HResult : -2146233088
Stack Trace : The stack trace is unavailable.
Additional Info:

MachineName : DESKTOP-PHAVKR4
TimeStamp : 3/9/2018 2:43:04 AM
FullName : Telerik.Sitefinity.Utilities, Version=10.2.6602.0, Culture=neutral, PublicKeyToken=b28c218413bdf563
AppDomainName : /LM/W3SVC/2/ROOT-1-131650367077403239
ThreadIdentity : 
WindowsIdentity : DESKTOP-PHAVKR4\Himmy
Requested URL : http://localhost:60876/Sitefinity/Services/Workflow/WorkflowService.svc/MessageWorkflow/a13d995c-8194-49d2-8c9d-dae18f8f7d61/?itemType=Telerik.Sitefinity.Pages.Model.PageNode&workflowOperation=Publish
	Inner Exception
	---------------
	Type : System.ArgumentException, mscorlib, Version=4.0.0.0, Culture=neutral, PublicKeyToken=b77a5c561934e089
	Message : Id cannot be Empty Guid
	Source : Unity_ILEmit_DynamicClasses
	Help link : 
	ParamName : 
	Data : System.Collections.ListDictionaryInternal
	TargetSite : System.Object GetItem(System.Type, System.Guid)
	HResult : -2147024809
	Stack Trace :    at DynamicModule.ns.Wrapped_OpenAccessLibrariesProvider_60d13c371ad64242848d5169b607e286.GetItem(Type itemType, Guid id)
	   at Telerik.Sitefinity.Data.ManagerBase`1.GetItem(Type itemType, Guid id)
	   at Telerik.Sitefinity.Frontend.Media.Mvc.Helpers.ContentLocationHelper.GetLocations(Guid id, String providerName, Type mediaType)
	   at Telerik.Sitefinity.Frontend.Media.Mvc.Models.Video.VideoModel.GetLocations()
	   at Telerik.Sitefinity.Frontend.Media.Mvc.Controllers.VideoController.GetLocations()
	   at Telerik.Sitefinity.ContentLocations.ContentLocationsTracker.PageControlTrackingContext.TryGetLocations(CultureInfo culture, IEnumerable`1& locations)



Category: ErrorLog

Priority: 0

EventId: 9010

Severity: Warning

Title:Enterprise Library Exception Handling

Machine: DESKTOP-PHAVKR4

App Domain: /LM/W3SVC/2/ROOT-1-131650367077403239

ProcessId: 11788

Process Name: C:\Program Files (x86)\IIS Express\iisexpress.exe

Thread Name: 

Win32 ThreadId:9908

Extended Properties: 
----------------------------------------
----------------------------------------
ActivityId: 00000000-0000-0000-0000-000000000000

Timestamp: 3/9/2018 2:49:23 AM

Message: HandlingInstanceID: 30f71d12-0c83-40a0-8776-b8eb59b35b30
An exception of type 'System.ArgumentException' occurred and was caught.
------------------------------------------------------------------------
03/09/2018 13:49:23
Type : System.ArgumentException, mscorlib, Version=4.0.0.0, Culture=neutral, PublicKeyToken=b77a5c561934e089
Message : Cannot find template "~/Frontend-Assembly/Telerik.Sitefinity.Frontend/GridSystem/Templates/grid-1+1+1+1+1+1+6.html". Most probably it is specific for a particular resource package which is not applied in the current context. Try duplicating the template in SitefinityWebApp root folder while keeping the same folder hierarchy.
Source : Telerik.Sitefinity.Frontend
Help link : 
ParamName : 
Data : System.Collections.ListDictionaryInternal
TargetSite : System.Web.UI.ITemplate GetTemplate(Boolean, Boolean, System.String)
HResult : -2147024809
Stack Trace :    at Telerik.Sitefinity.Frontend.GridSystem.GridControl.GetTemplate(Boolean isVirtualPath, Boolean isHtmlTemplate, String layout)
   at Telerik.Sitefinity.Frontend.GridSystem.GridControl.GetTemplate()
   at Telerik.Sitefinity.Web.UI.LayoutControl.Initialize()
   at Telerik.Sitefinity.Web.UI.LayoutControl.CreateChildControls()

Additional Info:

MachineName : DESKTOP-PHAVKR4
TimeStamp : 3/9/2018 2:49:23 AM
FullName : Telerik.Sitefinity.Utilities, Version=10.2.6602.0, Culture=neutral, PublicKeyToken=b28c218413bdf563
AppDomainName : /LM/W3SVC/2/ROOT-1-131650371890951967
ThreadIdentity : himmy@jxt.com.au
WindowsIdentity : DESKTOP-PHAVKR4\Himmy
Requested URL : http://localhost:60876/Sitefinity/Services/Pages/ZoneEditorService.svc/Layout/


Category: ErrorLog

Priority: 0

EventId: 9010

Severity: Warning

Title:Enterprise Library Exception Handling

Machine: DESKTOP-PHAVKR4

App Domain: /LM/W3SVC/2/ROOT-1-131650371890951967

ProcessId: 2112

Process Name: C:\Program Files (x86)\IIS Express\iisexpress.exe

Thread Name: 

Win32 ThreadId:18372

Extended Properties: 
----------------------------------------
----------------------------------------
ActivityId: 00000000-0000-0000-0000-000000000000

Timestamp: 3/9/2018 2:49:23 AM

Message: HandlingInstanceID: 16853953-4f79-4329-9665-562dd6fe155d
An exception of type 'System.ArgumentException' occurred and was caught.
------------------------------------------------------------------------
03/09/2018 13:49:23
Type : System.ArgumentException, mscorlib, Version=4.0.0.0, Culture=neutral, PublicKeyToken=b77a5c561934e089
Message : Cannot find template "~/Frontend-Assembly/Telerik.Sitefinity.Frontend/GridSystem/Templates/grid-1+1+1+1+1+1+6.html". Most probably it is specific for a particular resource package which is not applied in the current context. Try duplicating the template in SitefinityWebApp root folder while keeping the same folder hierarchy.
Source : Telerik.Sitefinity.Frontend
Help link : 
ParamName : 
Data : System.Collections.ListDictionaryInternal
TargetSite : System.Web.UI.ITemplate GetTemplate(Boolean, Boolean, System.String)
HResult : -2147024809
Stack Trace :    at Telerik.Sitefinity.Frontend.GridSystem.GridControl.GetTemplate(Boolean isVirtualPath, Boolean isHtmlTemplate, String layout)
   at Telerik.Sitefinity.Frontend.GridSystem.GridControl.GetTemplate()
   at Telerik.Sitefinity.Web.UI.LayoutControl.Initialize()
   at Telerik.Sitefinity.Web.UI.LayoutControl.CreateChildControls()

Additional Info:

MachineName : DESKTOP-PHAVKR4
TimeStamp : 3/9/2018 2:49:23 AM
FullName : Telerik.Sitefinity.Utilities, Version=10.2.6602.0, Culture=neutral, PublicKeyToken=b28c218413bdf563
AppDomainName : /LM/W3SVC/2/ROOT-1-131650371890951967
ThreadIdentity : himmy@jxt.com.au
WindowsIdentity : DESKTOP-PHAVKR4\Himmy
Requested URL : http://localhost:60876/Sitefinity/Services/Pages/ZoneEditorService.svc/Layout/


Category: ErrorLog

Priority: 0

EventId: 9010

Severity: Warning

Title:Enterprise Library Exception Handling

Machine: DESKTOP-PHAVKR4

App Domain: /LM/W3SVC/2/ROOT-1-131650371890951967

ProcessId: 2112

Process Name: C:\Program Files (x86)\IIS Express\iisexpress.exe

Thread Name: 

Win32 ThreadId:18372

Extended Properties: 
----------------------------------------
----------------------------------------
ActivityId: 00000000-0000-0000-0000-000000000000

Timestamp: 3/9/2018 2:49:33 AM

Message: HandlingInstanceID: 18d36aed-acdc-48e0-81a3-bc88267e2dfa
An exception of type 'System.ArgumentException' occurred and was caught.
------------------------------------------------------------------------
03/09/2018 13:49:33
Type : System.ArgumentException, mscorlib, Version=4.0.0.0, Culture=neutral, PublicKeyToken=b77a5c561934e089
Message : Cannot find template "~/Frontend-Assembly/Telerik.Sitefinity.Frontend/GridSystem/Templates/grid-1+1+1+1+1+1+6.html". Most probably it is specific for a particular resource package which is not applied in the current context. Try duplicating the template in SitefinityWebApp root folder while keeping the same folder hierarchy.
Source : Telerik.Sitefinity.Frontend
Help link : 
ParamName : 
Data : System.Collections.ListDictionaryInternal
TargetSite : System.Web.UI.ITemplate GetTemplate(Boolean, Boolean, System.String)
HResult : -2147024809
Stack Trace :    at Telerik.Sitefinity.Frontend.GridSystem.GridControl.GetTemplate(Boolean isVirtualPath, Boolean isHtmlTemplate, String layout)
   at Telerik.Sitefinity.Frontend.GridSystem.GridControl.GetTemplate()
   at Telerik.Sitefinity.Web.UI.LayoutControl.Initialize()
   at Telerik.Sitefinity.Web.UI.LayoutControl.CreateChildControls()

Additional Info:

MachineName : DESKTOP-PHAVKR4
TimeStamp : 3/9/2018 2:49:33 AM
FullName : Telerik.Sitefinity.Utilities, Version=10.2.6602.0, Culture=neutral, PublicKeyToken=b28c218413bdf563
AppDomainName : /LM/W3SVC/2/ROOT-1-131650371890951967
ThreadIdentity : himmy@jxt.com.au
WindowsIdentity : DESKTOP-PHAVKR4\Himmy
Requested URL : http://localhost:60876/Sitefinity/Services/Pages/ZoneEditorService.svc/Layout/


Category: ErrorLog

Priority: 0

EventId: 9010

Severity: Warning

Title:Enterprise Library Exception Handling

Machine: DESKTOP-PHAVKR4

App Domain: /LM/W3SVC/2/ROOT-1-131650371890951967

ProcessId: 2112

Process Name: C:\Program Files (x86)\IIS Express\iisexpress.exe

Thread Name: 

Win32 ThreadId:3304

Extended Properties: 
----------------------------------------
----------------------------------------
ActivityId: 9742a737-ef10-482a-8c74-5855ee6c6410

Timestamp: 3/9/2018 4:06:51 AM

Message: HandlingInstanceID: 49915dca-4899-41d1-b35b-0bfb07ddccdc
An exception of type 'System.Exception' occurred and was caught.
----------------------------------------------------------------
03/09/2018 15:06:51
Type : System.Exception, mscorlib, Version=4.0.0.0, Culture=neutral, PublicKeyToken=b77a5c561934e089
Message : ContentLocationsTracker: Unable to get locations from 'Telerik.Sitefinity.Mvc.Proxy.MvcControllerProxy'
Source : 
Help link : 
Data : System.Collections.ListDictionaryInternal
TargetSite : 
HResult : -2146233088
Stack Trace : The stack trace is unavailable.
Additional Info:

MachineName : DESKTOP-PHAVKR4
TimeStamp : 3/9/2018 4:06:51 AM
FullName : Telerik.Sitefinity.Utilities, Version=10.2.6602.0, Culture=neutral, PublicKeyToken=b28c218413bdf563
AppDomainName : /LM/W3SVC/2/ROOT-1-131650371890951967
ThreadIdentity : himmy@jxt.com.au
WindowsIdentity : DESKTOP-PHAVKR4\Himmy
Requested URL : http://localhost:60876/another-home-page/Action/Edit
	Inner Exception
	---------------
	Type : System.ArgumentException, mscorlib, Version=4.0.0.0, Culture=neutral, PublicKeyToken=b77a5c561934e089
	Message : Id cannot be Empty Guid
	Source : Unity_ILEmit_DynamicClasses
	Help link : 
	ParamName : 
	Data : System.Collections.ListDictionaryInternal
	TargetSite : System.Object GetItem(System.Type, System.Guid)
	HResult : -2147024809
	Stack Trace :    at DynamicModule.ns.Wrapped_OpenAccessLibrariesProvider_2e15af278a9d44cfa9a94f0cb82c9dc8.GetItem(Type itemType, Guid id)
	   at Telerik.Sitefinity.Data.ManagerBase`1.GetItem(Type itemType, Guid id)
	   at Telerik.Sitefinity.Frontend.Media.Mvc.Helpers.ContentLocationHelper.GetLocations(Guid id, String providerName, Type mediaType)
	   at Telerik.Sitefinity.Frontend.Media.Mvc.Models.Video.VideoModel.GetLocations()
	   at Telerik.Sitefinity.Frontend.Media.Mvc.Controllers.VideoController.GetLocations()
	   at Telerik.Sitefinity.ContentLocations.ContentLocationsTracker.PageControlTrackingContext.TryGetLocations(CultureInfo culture, IEnumerable`1& locations)



Category: ErrorLog

Priority: 0

EventId: 9010

Severity: Warning

Title:Enterprise Library Exception Handling

Machine: DESKTOP-PHAVKR4

App Domain: /LM/W3SVC/2/ROOT-1-131650371890951967

ProcessId: 2112

Process Name: C:\Program Files (x86)\IIS Express\iisexpress.exe

Thread Name: 

Win32 ThreadId:1428

Extended Properties: 
----------------------------------------
----------------------------------------
ActivityId: 00000000-0000-0000-0000-000000000000

Timestamp: 3/9/2018 4:08:07 AM

Message: HandlingInstanceID: 47901e62-06bf-4530-b57a-4f885ee453f0
An exception of type 'System.Exception' occurred and was caught.
----------------------------------------------------------------
03/09/2018 15:08:07
Type : System.Exception, mscorlib, Version=4.0.0.0, Culture=neutral, PublicKeyToken=b77a5c561934e089
Message : ContentLocationsTracker: Unable to get locations from 'Telerik.Sitefinity.Mvc.Proxy.MvcControllerProxy'
Source : 
Help link : 
Data : System.Collections.ListDictionaryInternal
TargetSite : 
HResult : -2146233088
Stack Trace : The stack trace is unavailable.
Additional Info:

MachineName : DESKTOP-PHAVKR4
TimeStamp : 3/9/2018 4:08:07 AM
FullName : Telerik.Sitefinity.Utilities, Version=10.2.6602.0, Culture=neutral, PublicKeyToken=b28c218413bdf563
AppDomainName : /LM/W3SVC/2/ROOT-1-131650371890951967
ThreadIdentity : 
WindowsIdentity : DESKTOP-PHAVKR4\Himmy
Requested URL : http://localhost:60876/Sitefinity/Services/Workflow/WorkflowService.svc/MessageWorkflow/a13d995c-8194-49d2-8c9d-dae18f8f7d61/?itemType=Telerik.Sitefinity.Pages.Model.PageNode&workflowOperation=Publish
	Inner Exception
	---------------
	Type : System.ArgumentException, mscorlib, Version=4.0.0.0, Culture=neutral, PublicKeyToken=b77a5c561934e089
	Message : Id cannot be Empty Guid
	Source : Unity_ILEmit_DynamicClasses
	Help link : 
	ParamName : 
	Data : System.Collections.ListDictionaryInternal
	TargetSite : System.Object GetItem(System.Type, System.Guid)
	HResult : -2147024809
	Stack Trace :    at DynamicModule.ns.Wrapped_OpenAccessLibrariesProvider_2e15af278a9d44cfa9a94f0cb82c9dc8.GetItem(Type itemType, Guid id)
	   at Telerik.Sitefinity.Data.ManagerBase`1.GetItem(Type itemType, Guid id)
	   at Telerik.Sitefinity.Frontend.Media.Mvc.Helpers.ContentLocationHelper.GetLocations(Guid id, String providerName, Type mediaType)
	   at Telerik.Sitefinity.Frontend.Media.Mvc.Models.Video.VideoModel.GetLocations()
	   at Telerik.Sitefinity.Frontend.Media.Mvc.Controllers.VideoController.GetLocations()
	   at Telerik.Sitefinity.ContentLocations.ContentLocationsTracker.PageControlTrackingContext.TryGetLocations(CultureInfo culture, IEnumerable`1& locations)



Category: ErrorLog

Priority: 0

EventId: 9010

Severity: Warning

Title:Enterprise Library Exception Handling

Machine: DESKTOP-PHAVKR4

App Domain: /LM/W3SVC/2/ROOT-1-131650371890951967

ProcessId: 2112

Process Name: C:\Program Files (x86)\IIS Express\iisexpress.exe

Thread Name: 

Win32 ThreadId:15740

Extended Properties: 
----------------------------------------
