----------------------------------------
ActivityId: 8000003d-0000-fa00-b63f-84710c7967bb

Timestamp: 2/22/2018 5:45:01 AM

Message: HandlingInstanceID: 49b46d6b-7861-4d13-aa6b-398b6b7a3a05
An exception of type 'Telerik.Sitefinity.Utilities.MS.ServiceModel.Web.WebProtocolException' occurred and was caught.
---------------------------------------------------------------------------------------------------------------------
02/22/2018 16:45:01
Type : Telerik.Sitefinity.Utilities.MS.ServiceModel.Web.WebProtocolException, Telerik.Sitefinity.Utilities, Version=10.2.6602.0, Culture=neutral, PublicKeyToken=b28c218413bdf563
Message : The following required properties are not set: type
Source : Telerik.Sitefinity
Help link : 
StatusCode : InternalServerError
StatusDescription : The following required properties are not set: type
IsDetailXhtml : True
Data : System.Collections.ListDictionaryInternal
TargetSite : Boolean SaveBatchConfigSection(System.String[][], System.String, System.String, System.String, System.String, System.String, System.String)
HResult : -2146233087
detailWriterInstance : Telerik.Sitefinity.Utilities.MS.ServiceModel.Web.WebProtocolException+StringDetailWriter
Stack Trace :    at Telerik.Sitefinity.Configuration.Web.ConfigSectionItems.SaveBatchConfigSection(String[][] propertyBag, String nodeName, String policyHandlerName, String policyName, String provider, String mode, String typeName)
   at SyncInvokeSaveBatchConfigSection(Object , Object[] , Object[] )
   at System.ServiceModel.Dispatcher.SyncMethodInvoker.Invoke(Object instance, Object[] inputs, Object[]& outputs)
   at System.ServiceModel.Dispatcher.DispatchOperationRuntime.InvokeBegin(MessageRpc& rpc)
   at System.ServiceModel.Dispatcher.ImmutableDispatchRuntime.ProcessMessage5(MessageRpc& rpc)
   at System.ServiceModel.Dispatcher.ImmutableDispatchRuntime.ProcessMessage41(MessageRpc& rpc)
   at System.ServiceModel.Dispatcher.ImmutableDispatchRuntime.ProcessMessage4(MessageRpc& rpc)
   at System.ServiceModel.Dispatcher.ImmutableDispatchRuntime.ProcessMessage31(MessageRpc& rpc)
   at System.ServiceModel.Dispatcher.ImmutableDispatchRuntime.ProcessMessage3(MessageRpc& rpc)
   at System.ServiceModel.Dispatcher.ImmutableDispatchRuntime.ProcessMessage2(MessageRpc& rpc)
   at System.ServiceModel.Dispatcher.ImmutableDispatchRuntime.ProcessMessage11(MessageRpc& rpc)
   at System.ServiceModel.Dispatcher.ImmutableDispatchRuntime.ProcessMessage1(MessageRpc& rpc)
   at System.ServiceModel.Dispatcher.MessageRpc.Process(Boolean isOperationContextSet)

Additional Info:

MachineName : DESKTOP-PHAVKR4
TimeStamp : 2/22/2018 5:45:01 AM
FullName : Telerik.Sitefinity.Utilities, Version=10.2.6602.0, Culture=neutral, PublicKeyToken=b28c218413bdf563
AppDomainName : /LM/W3SVC/2/ROOT-1-131637507032481211
ThreadIdentity : 
WindowsIdentity : DESKTOP-PHAVKR4\Himmy
Requested URL : http://localhost:60876/Sitefinity/Services/Configuration/ConfigSectionItems.svc/batch/?nodeName=MembershipProviders,securityConfig&policyHandlerName=&policyName=&mode=New&skip=0&take=10&type=
	Inner Exception
	---------------
	Type : System.ArgumentException, mscorlib, Version=4.0.0.0, Culture=neutral, PublicKeyToken=b77a5c561934e089
	Message : The following required properties are not set: type
	Source : Telerik.Sitefinity
	Help link : 
	ParamName : 
	Data : System.Collections.ListDictionaryInternal
	TargetSite : Void ValidateRequiredProperties()
	HResult : -2147024809
	Stack Trace :    at Telerik.Sitefinity.Configuration.ConfigElement.ValidateRequiredProperties()
	   at Telerik.Sitefinity.Configuration.ConfigElement.Validate()
	   at Telerik.Sitefinity.Configuration.Web.ConfigSectionItems.SaveBatchConfigSection(String[][] propertyBag, String nodeName, String policyHandlerName, String policyName, String provider, String mode, String typeName)



Category: ErrorLog

Priority: 0

EventId: 90000

Severity: Error

Title:Enterprise Library Exception Handling

Machine: DESKTOP-PHAVKR4

App Domain: /LM/W3SVC/2/ROOT-1-131637507032481211

ProcessId: 1096

Process Name: C:\Program Files (x86)\IIS Express\iisexpress.exe

Thread Name: 

Win32 ThreadId:13720

Extended Properties: 
----------------------------------------
----------------------------------------
ActivityId: 00000000-0000-0000-0000-000000000000

Timestamp: 2/22/2018 6:07:42 AM

Message: HandlingInstanceID: a2c7af16-6ba2-4368-97b3-76b035652dc3
An exception of type 'System.ArgumentException' occurred and was caught.
------------------------------------------------------------------------
02/22/2018 17:07:42
Type : System.ArgumentException, mscorlib, Version=4.0.0.0, Culture=neutral, PublicKeyToken=b77a5c561934e089
Message : Type "SitefinityWebApp.Providers.JxtMembershipProvider" cannot be resolved.
Source : Telerik.Sitefinity.Utilities
Help link : 
ParamName : 
Data : System.Collections.ListDictionaryInternal
TargetSite : System.Type GetType(System.String, Boolean, Boolean)
HResult : -2147024809
Stack Trace :    at Telerik.Sitefinity.Utilities.TypeConverters.TypeResolutionService.GetType(String name, Boolean throwOnError, Boolean ignoreCase)
   at Telerik.Sitefinity.Utilities.TypeConverters.TypeResolutionService.GetType(String name)
   at Telerik.Sitefinity.Configuration.DataProviderSettings.get_ProviderType()
   at Telerik.Sitefinity.Data.ManagerBase`1.InstantiateProvider(IDataProviderSettings providerSettings, Type providerType, ExceptionPolicyName policy, Type managerType)

Additional Info:

MachineName : DESKTOP-PHAVKR4
TimeStamp : 2/22/2018 6:07:42 AM
FullName : Telerik.Sitefinity.Utilities, Version=10.2.6602.0, Culture=neutral, PublicKeyToken=b28c218413bdf563
AppDomainName : /LM/W3SVC/2/ROOT-3-131637532397542441
ThreadIdentity : 
WindowsIdentity : DESKTOP-PHAVKR4\Himmy
Requested URL : http://127.0.0.1/


Category: ErrorLog

Priority: 0

EventId: 9010

Severity: Warning

Title:Enterprise Library Exception Handling

Machine: DESKTOP-PHAVKR4

App Domain: /LM/W3SVC/2/ROOT-3-131637532397542441

ProcessId: 1096

Process Name: C:\Program Files (x86)\IIS Express\iisexpress.exe

Thread Name: 

Win32 ThreadId:6340

Extended Properties: 
----------------------------------------
