----------------------------------------
Timestamp: 3/9/2018 3:55:04 AM

Message: Db Migration Complexity: Extending


----------------------------------------
----------------------------------------
Timestamp: 3/9/2018 3:55:04 AM

Message: Adding a column(s) on an existing table(s).


----------------------------------------
----------------------------------------
Timestamp: 3/9/2018 3:55:05 AM

Message: -- add column for field FridayIsAwesome
ALTER TABLE [sf_news_items] ADD [friday_is_awesome] BIT NULL


----------------------------------------
----------------------------------------
Timestamp: 3/9/2018 4:06:23 AM

Message: Db Migration Complexity: Extending


----------------------------------------
----------------------------------------
Timestamp: 3/9/2018 4:06:23 AM

Message: Adding a column(s) on an existing table(s).


----------------------------------------
----------------------------------------
Timestamp: 3/9/2018 4:06:23 AM

Message: Adding a foreign key constraint(s) to a new table(s), the create table statement(s) is included as well.


----------------------------------------
----------------------------------------
Timestamp: 3/9/2018 4:06:23 AM

Message: Adding a new table(s).


----------------------------------------
----------------------------------------
Timestamp: 3/9/2018 4:06:24 AM

Message: -- Telerik.Sitefinity.Publishing.Model.Dynamic_14cadc3f24dd406385c1754b51619428
CREATE TABLE [dynmc_14cdc3f24dd406385c1754b5] (
    [id] uniqueidentifier NOT NULL,
    [username] NVARCHAR(255) NULL,          -- Dynamic_14cadc3f24dd406385c1754b51619428.Username
    [title] NVARCHAR(255) NULL,             -- Dynamic_14cadc3f24dd406385c1754b51619428.Title
    [summary] NVARCHAR(255) NULL,           -- Dynamic_14cadc3f24dd406385c1754b51619428.Summary
    [publication_date] DATETIME NULL,       -- Dynamic_14cadc3f24dd406385c1754b51619428.PublicationDate
    [owner_last_name] NVARCHAR(255) NULL,   -- Dynamic_14cadc3f24dd406385c1754b51619428.OwnerLastName
    [owner_first_name] NVARCHAR(255) NULL,  -- Dynamic_14cadc3f24dd406385c1754b51619428.OwnerFirstName
    [owner_email] NVARCHAR(255) NULL,       -- Dynamic_14cadc3f24dd406385c1754b51619428.OwnerEmail
    [lnk] NVARCHAR(255) NULL,               -- Dynamic_14cadc3f24dd406385c1754b51619428.Link
    [item_hash] NVARCHAR(255) NULL,         -- Dynamic_14cadc3f24dd406385c1754b51619428.ItemHash
    [expiration_date] DATETIME NULL,        -- Dynamic_14cadc3f24dd406385c1754b51619428.ExpirationDate
    [content] NVARCHAR(MAX) NULL,           -- Dynamic_14cadc3f24dd406385c1754b51619428.Content
    [categories] NVARCHAR(255) NULL,        -- Dynamic_14cadc3f24dd406385c1754b51619428.Categories
    CONSTRAINT [pk_dynmc_14cdc3f24dd4_F3E7C8B5] PRIMARY KEY ([id])
)


----------------------------------------
----------------------------------------
Timestamp: 3/9/2018 4:06:24 AM

Message: -- add column for field <internal-class-id>
ALTER TABLE [sf_dynamic_type_base] ADD [voa_class] int NULL


----------------------------------------
----------------------------------------
Timestamp: 3/9/2018 4:06:24 AM

Message: UPDATE [sf_dynamic_type_base] SET [voa_class] = 0


----------------------------------------
----------------------------------------
Timestamp: 3/9/2018 4:06:24 AM

Message: ALTER TABLE [sf_dynamic_type_base] ALTER COLUMN [voa_class] int NOT NULL


----------------------------------------
----------------------------------------
Timestamp: 3/9/2018 4:06:24 AM

Message: ALTER TABLE [dynmc_14cdc3f24dd406385c1754b5] ADD CONSTRAINT [ref_dynmc_14cdc3f24dd_E0E6778E] FOREIGN KEY ([id]) REFERENCES [sf_dynamic_type_base]([id]) ON DELETE CASCADE


----------------------------------------
----------------------------------------
Timestamp: 3/9/2018 4:06:33 AM

Message: Db Migration Complexity: Trivial


----------------------------------------
----------------------------------------
Timestamp: 3/9/2018 4:06:33 AM

Message: Adding a foreign key constraint(s) to a new table(s), the create table statement(s) is included as well.


----------------------------------------
----------------------------------------
Timestamp: 3/9/2018 4:06:33 AM

Message: Adding a new table(s).


----------------------------------------
----------------------------------------
Timestamp: 3/9/2018 4:06:34 AM

Message: -- Telerik.Sitefinity.Publishing.Model.Dynamic_0442607131f141748296258756b4cab2
CREATE TABLE [dynmc_0442607131f1417482962587] (
    [id] uniqueidentifier NOT NULL,
    [username] NVARCHAR(255) NULL,          -- Dynamic_0442607131f141748296258756b4cab2.Username
    [user_avatar] NVARCHAR(255) NULL,       -- Dynamic_0442607131f141748296258756b4cab2.UserAvatar
    [title] NVARCHAR(255) NULL,             -- Dynamic_0442607131f141748296258756b4cab2.Title
    [summary] NVARCHAR(MAX) NULL,           -- Dynamic_0442607131f141748296258756b4cab2.Summary
    [publication_date] DATETIME NULL,       -- Dynamic_0442607131f141748296258756b4cab2.PublicationDate
    [pipe_id] NVARCHAR(255) NULL,           -- Dynamic_0442607131f141748296258756b4cab2.PipeId
    [owner_last_name] NVARCHAR(255) NULL,   -- Dynamic_0442607131f141748296258756b4cab2.OwnerLastName
    [owner_first_name] NVARCHAR(255) NULL,  -- Dynamic_0442607131f141748296258756b4cab2.OwnerFirstName
    [owner_email] NVARCHAR(255) NULL,       -- Dynamic_0442607131f141748296258756b4cab2.OwnerEmail
    [lnk] NVARCHAR(255) NULL,               -- Dynamic_0442607131f141748296258756b4cab2.Link
    [lang_id] NVARCHAR(255) NULL,           -- Dynamic_0442607131f141748296258756b4cab2.LangId
    [item_hash] NVARCHAR(255) NULL,         -- Dynamic_0442607131f141748296258756b4cab2.ItemHash
    [expiration_date] DATETIME NULL,        -- Dynamic_0442607131f141748296258756b4cab2.ExpirationDate
    [content_type] NVARCHAR(255) NULL,      -- Dynamic_0442607131f141748296258756b4cab2.ContentType
    [content] NVARCHAR(MAX) NULL,           -- Dynamic_0442607131f141748296258756b4cab2.Content
    CONSTRAINT [pk_dynmc_0442607131f1_CC014E84] PRIMARY KEY ([id])
)


----------------------------------------
----------------------------------------
Timestamp: 3/9/2018 4:06:34 AM

Message: ALTER TABLE [dynmc_0442607131f1417482962587] ADD CONSTRAINT [ref_dynmc_0442607131f_A51917E2] FOREIGN KEY ([id]) REFERENCES [sf_dynamic_type_base]([id]) ON DELETE CASCADE


----------------------------------------
